<?xml version="1.0" encoding="UTF-8"?>
<testng-results ignored="0" total="1" passed="1" failed="0" skipped="0">
  <reporter-output>
  </reporter-output>
  <suite started-at="2023-03-25T14:02:53 EDT" name="Default suite" finished-at="2023-03-25T14:02:54 EDT" duration-ms="747">
    <groups>
    </groups>
    <test started-at="2023-03-25T14:02:53 EDT" name="Default test" finished-at="2023-03-25T14:02:54 EDT" duration-ms="747">
      <class name="Date_Format">
        <test-method signature="Date_for()[pri:0, instance:Date_Format@212b5695]" started-at="2023-03-25T14:02:54 EDT" name="Date_for" finished-at="2023-03-25T14:02:54 EDT" duration-ms="715" status="PASS">
          <reporter-output>
          </reporter-output>
        </test-method> <!-- Date_for -->
      </class> <!-- Date_Format -->
    </test> <!-- Default test -->
  </suite> <!-- Default suite -->
</testng-results>
